[2022-05-17 04:30:12] install.INFO: Running step: check-install-lock [] []
[2022-05-17 04:30:12] install.INFO: step: check-install-lock | status: done [] []
[2022-05-17 04:30:12] install.INFO: step: check-install-lock | messages: [] []
[2022-05-17 04:30:12] install.INFO: Installer not locked. Proceeding with install [] []
[2022-05-17 04:30:12] install.INFO: step: check-install-lock | debug: no debug info [] []
[2022-05-17 04:30:12] install.INFO: Running step: check-db-connection [] []
[2022-05-17 04:30:12] install.INFO: step: check-db-connection | status: done [] []
[2022-05-17 04:30:12] install.INFO: step: check-db-connection | messages: [] []
[2022-05-17 04:30:12] install.INFO: DB credentials ok [] []
[2022-05-17 04:30:12] install.INFO: step: check-db-connection | debug: no debug info [] []
[2022-05-17 04:30:12] install.INFO: Running step: install-system-checks [] []
[2022-05-17 04:30:12] install.INFO: step: install-system-checks | status: done [] []
[2022-05-17 04:30:12] install.INFO: step: install-system-checks | messages: no messages [] []
[2022-05-17 04:30:12] install.INFO: step: install-system-checks | debug: no debug info [] []
[2022-05-17 04:30:12] install.INFO: Running step: create-config [] []
[2022-05-17 04:30:12] install.INFO: step: create-config | status: done [] []
[2022-05-17 04:30:12] install.INFO: step: create-config | messages: [] []
[2022-05-17 04:30:12] install.INFO: Created silent install config: config_si.php [] []
[2022-05-17 04:30:12] install.INFO: step: create-config | debug: no debug info [] []
[2022-05-17 04:30:12] install.INFO: Running step: create-env [] []
[2022-05-17 04:30:12] install.INFO: step: create-env | status: done [] []
[2022-05-17 04:30:12] install.INFO: step: create-env | messages: [] []
[2022-05-17 04:30:12] install.INFO: Created .env.local [] []
[2022-05-17 04:30:12] install.INFO: step: create-env | debug: no debug info [] []
[2022-05-17 04:30:12] install.INFO: Running step: run-legacy-install [] []
[2022-05-17 04:30:27] install.INFO: step: run-legacy-install | status: done [] []
[2022-05-17 04:30:27] install.INFO: step: run-legacy-install | messages: [] []
[2022-05-17 04:30:27] install.INFO: Legacy install successful [] []
[2022-05-17 04:30:27] install.INFO: step: run-legacy-install | debug: no debug info [] []
